[INFO  - 2017-04-01T15:45:21.906Z] GhostDriver - Main - running on port 26423
[INFO  - 2017-04-01T15:45:22.011Z] Session [37143f60-16f2-11e7-914d-7f3fb8b93628] - page.settings - {"XSSAuditingEnabled":false,"javascriptCanCloseWindows":true,"javascriptCanOpenWindows":true,"javascriptEnabled":true,"loadImages":true,"localToRemoteUrlAccessEnabled":false,"userAgent":"Mozilla/5.0 (Unknown; Linux x86_64) AppleWebKit/538.1 (KHTML, like Gecko) PhantomJS/2.1.1 Safari/538.1","webSecurityEnabled":true}
[INFO  - 2017-04-01T15:45:22.011Z] Session [37143f60-16f2-11e7-914d-7f3fb8b93628] - page.customHeaders:  - {}
[INFO  - 2017-04-01T15:45:22.011Z] Session [37143f60-16f2-11e7-914d-7f3fb8b93628] - Session.negotiatedCapabilities - {"browserName":"phantomjs","version":"2.1.1","driverName":"ghostdriver","driverVersion":"1.2.0","platform":"linux-unknown-64bit","javascriptEnabled":true,"takesScreenshot":true,"handlesAlerts":false,"databaseEnabled":false,"locationContextEnabled":false,"applicationCacheEnabled":false,"browserConnectionEnabled":false,"cssSelectorsEnabled":true,"webStorageEnabled":false,"rotatable":false,"acceptSslCerts":false,"nativeEvents":true,"proxy":{"proxyType":"direct"}}
[INFO  - 2017-04-01T15:45:22.011Z] SessionManagerReqHand - _postNewSessionCommand - New Session Created: 37143f60-16f2-11e7-914d-7f3fb8b93628
[INFO  - 2017-04-01T15:46:04.094Z] ShutdownReqHand - _handle - About to shutdown
[INFO  - 2017-04-01T15:49:02.478Z] GhostDriver - Main - running on port 21160
[INFO  - 2017-04-01T15:49:02.979Z] Session [bac970f0-16f2-11e7-b631-8d6e0679eb59] - page.settings - {"XSSAuditingEnabled":false,"javascriptCanCloseWindows":true,"javascriptCanOpenWindows":true,"javascriptEnabled":true,"loadImages":true,"localToRemoteUrlAccessEnabled":false,"userAgent":"Mozilla/5.0 (Unknown; Linux x86_64) AppleWebKit/538.1 (KHTML, like Gecko) PhantomJS/2.1.1 Safari/538.1","webSecurityEnabled":true}
[INFO  - 2017-04-01T15:49:02.979Z] Session [bac970f0-16f2-11e7-b631-8d6e0679eb59] - page.customHeaders:  - {}
[INFO  - 2017-04-01T15:49:02.979Z] Session [bac970f0-16f2-11e7-b631-8d6e0679eb59] - Session.negotiatedCapabilities - {"browserName":"phantomjs","version":"2.1.1","driverName":"ghostdriver","driverVersion":"1.2.0","platform":"linux-unknown-64bit","javascriptEnabled":true,"takesScreenshot":true,"handlesAlerts":false,"databaseEnabled":false,"locationContextEnabled":false,"applicationCacheEnabled":false,"browserConnectionEnabled":false,"cssSelectorsEnabled":true,"webStorageEnabled":false,"rotatable":false,"acceptSslCerts":false,"nativeEvents":true,"proxy":{"proxyType":"direct"}}
[INFO  - 2017-04-01T15:49:02.979Z] SessionManagerReqHand - _postNewSessionCommand - New Session Created: bac970f0-16f2-11e7-b631-8d6e0679eb59
[INFO  - 2017-04-01T15:49:45.693Z] ShutdownReqHand - _handle - About to shutdown
[INFO  - 2017-04-01T15:50:40.547Z] GhostDriver - Main - running on port 27616
[INFO  - 2017-04-01T15:50:41.044Z] Session [f53cf900-16f2-11e7-9507-e9f8bd94f631] - page.settings - {"XSSAuditingEnabled":false,"javascriptCanCloseWindows":true,"javascriptCanOpenWindows":true,"javascriptEnabled":true,"loadImages":true,"localToRemoteUrlAccessEnabled":false,"userAgent":"Mozilla/5.0 (Unknown; Linux x86_64) AppleWebKit/538.1 (KHTML, like Gecko) PhantomJS/2.1.1 Safari/538.1","webSecurityEnabled":true}
[INFO  - 2017-04-01T15:50:41.044Z] Session [f53cf900-16f2-11e7-9507-e9f8bd94f631] - page.customHeaders:  - {}
[INFO  - 2017-04-01T15:50:41.044Z] Session [f53cf900-16f2-11e7-9507-e9f8bd94f631] - Session.negotiatedCapabilities - {"browserName":"phantomjs","version":"2.1.1","driverName":"ghostdriver","driverVersion":"1.2.0","platform":"linux-unknown-64bit","javascriptEnabled":true,"takesScreenshot":true,"handlesAlerts":false,"databaseEnabled":false,"locationContextEnabled":false,"applicationCacheEnabled":false,"browserConnectionEnabled":false,"cssSelectorsEnabled":true,"webStorageEnabled":false,"rotatable":false,"acceptSslCerts":false,"nativeEvents":true,"proxy":{"proxyType":"direct"}}
[INFO  - 2017-04-01T15:50:41.044Z] SessionManagerReqHand - _postNewSessionCommand - New Session Created: f53cf900-16f2-11e7-9507-e9f8bd94f631
[INFO  - 2017-04-01T15:51:22.213Z] ShutdownReqHand - _handle - About to shutdown
[INFO  - 2017-04-01T15:59:25.647Z] GhostDriver - Main - running on port 7408
[INFO  - 2017-04-01T15:59:26.007Z] Session [2e23f830-16f4-11e7-b6a5-613490864e83] - page.settings - {"XSSAuditingEnabled":false,"javascriptCanCloseWindows":true,"javascriptCanOpenWindows":true,"javascriptEnabled":true,"loadImages":true,"localToRemoteUrlAccessEnabled":false,"userAgent":"Mozilla/5.0 (Unknown; Linux x86_64) AppleWebKit/538.1 (KHTML, like Gecko) PhantomJS/2.1.1 Safari/538.1","webSecurityEnabled":true}
[INFO  - 2017-04-01T15:59:26.007Z] Session [2e23f830-16f4-11e7-b6a5-613490864e83] - page.customHeaders:  - {}
[INFO  - 2017-04-01T15:59:26.007Z] Session [2e23f830-16f4-11e7-b6a5-613490864e83] - Session.negotiatedCapabilities - {"browserName":"phantomjs","version":"2.1.1","driverName":"ghostdriver","driverVersion":"1.2.0","platform":"linux-unknown-64bit","javascriptEnabled":true,"takesScreenshot":true,"handlesAlerts":false,"databaseEnabled":false,"locationContextEnabled":false,"applicationCacheEnabled":false,"browserConnectionEnabled":false,"cssSelectorsEnabled":true,"webStorageEnabled":false,"rotatable":false,"acceptSslCerts":false,"nativeEvents":true,"proxy":{"proxyType":"direct"}}
[INFO  - 2017-04-01T15:59:26.007Z] SessionManagerReqHand - _postNewSessionCommand - New Session Created: 2e23f830-16f4-11e7-b6a5-613490864e83
[INFO  - 2017-04-01T16:00:07.525Z] ShutdownReqHand - _handle - About to shutdown
